{"total": {"lines":{"total":1780,"covered":1259,"skipped":0,"pct":70.73},"statements":{"total":1780,"covered":1259,"skipped":0,"pct":70.73},"functions":{"total":53,"covered":30,"skipped":0,"pct":56.6},"branches":{"total":120,"covered":86,"skipped":0,"pct":71.66},"branchesTrue":{"total":0,"covered":0,"skipped":0,"pct":100}}
,"/home/runner/work/0hehaebib1/0hehaebib1/postcss.config.js": {"lines":{"total":6,"covered":0,"skipped":0,"pct":0},"functions":{"total":1,"covered":0,"skipped":0,"pct":0},"statements":{"total":6,"covered":0,"skipped":0,"pct":0},"branches":{"total":1,"covered":0,"skipped":0,"pct":0}}
,"/home/runner/work/0hehaebib1/0hehaebib1/tailwind.config.js": {"lines":{"total":24,"covered":0,"skipped":0,"pct":0},"functions":{"total":1,"covered":0,"skipped":0,"pct":0},"statements":{"total":24,"covered":0,"skipped":0,"pct":0},"branches":{"total":1,"covered":0,"skipped":0,"pct":0}}
,"/home/runner/work/0hehaebib1/0hehaebib1/api/contact.ts": {"lines":{"total":51,"covered":0,"skipped":0,"pct":0},"functions":{"total":1,"covered":0,"skipped":0,"pct":0},"statements":{"total":51,"covered":0,"skipped":0,"pct":0},"branches":{"total":1,"covered":0,"skipped":0,"pct":0}}
,"/home/runner/work/0hehaebib1/0hehaebib1/src/App.tsx": {"lines":{"total":17,"covered":17,"skipped":0,"pct":100},"functions":{"total":1,"covered":1,"skipped":0,"pct":100},"statements":{"total":17,"covered":17,"skipped":0,"pct":100},"branches":{"total":1,"covered":1,"skipped":0,"pct":100}}
,"/home/runner/work/0hehaebib1/0hehaebib1/src/main.tsx": {"lines":{"total":9,"covered":0,"skipped":0,"pct":0},"functions":{"total":1,"covered":0,"skipped":0,"pct":0},"statements":{"total":9,"covered":0,"skipped":0,"pct":0},"branches":{"total":1,"covered":0,"skipped":0,"pct":0}}
,"/home/runner/work/0hehaebib1/0hehaebib1/src/types.ts": {"lines":{"total":0,"covered":0,"skipped":0,"pct":0},"functions":{"total":1,"covered":1,"skipped":0,"pct":0},"statements":{"total":0,"covered":0,"skipped":0,"pct":0},"branches":{"total":1,"covered":1,"skipped":0,"pct":0}}
,"/home/runner/work/0hehaebib1/0hehaebib1/src/components/AboutSection.tsx": {"lines":{"total":51,"covered":51,"skipped":0,"pct":100},"functions":{"total":1,"covered":1,"skipped":0,"pct":100},"statements":{"total":51,"covered":51,"skipped":0,"pct":100},"branches":{"total":4,"covered":3,"skipped":0,"pct":75}}
,"/home/runner/work/0hehaebib1/0hehaebib1/src/components/AnimatedHeading.tsx": {"lines":{"total":34,"covered":34,"skipped":0,"pct":100},"functions":{"total":2,"covered":2,"skipped":0,"pct":100},"statements":{"total":34,"covered":34,"skipped":0,"pct":100},"branches":{"total":11,"covered":9,"skipped":0,"pct":81.81}}
,"/home/runner/work/0hehaebib1/0hehaebib1/src/components/ContactSection.tsx": {"lines":{"total":167,"covered":135,"skipped":0,"pct":80.83},"functions":{"total":3,"covered":1,"skipped":0,"pct":33.33},"statements":{"total":167,"covered":135,"skipped":0,"pct":80.83},"branches":{"total":6,"covered":1,"skipped":0,"pct":16.66}}
,"/home/runner/work/0hehaebib1/0hehaebib1/src/components/ExperienceTimeline.tsx": {"lines":{"total":45,"covered":44,"skipped":0,"pct":97.77},"functions":{"total":1,"covered":1,"skipped":0,"pct":100},"statements":{"total":45,"covered":44,"skipped":0,"pct":97.77},"branches":{"total":5,"covered":3,"skipped":0,"pct":60}}
,"/home/runner/work/0hehaebib1/0hehaebib1/src/components/ExpertiseSection.tsx": {"lines":{"total":26,"covered":26,"skipped":0,"pct":100},"functions":{"total":1,"covered":1,"skipped":0,"pct":100},"statements":{"total":26,"covered":26,"skipped":0,"pct":100},"branches":{"total":3,"covered":2,"skipped":0,"pct":66.66}}
,"/home/runner/work/0hehaebib1/0hehaebib1/src/components/Footer.tsx": {"lines":{"total":9,"covered":9,"skipped":0,"pct":100},"functions":{"total":1,"covered":1,"skipped":0,"pct":100},"statements":{"total":9,"covered":9,"skipped":0,"pct":100},"branches":{"total":1,"covered":1,"skipped":0,"pct":100}}
,"/home/runner/work/0hehaebib1/0hehaebib1/src/components/GallerySection.tsx": {"lines":{"total":47,"covered":0,"skipped":0,"pct":0},"functions":{"total":1,"covered":0,"skipped":0,"pct":0},"statements":{"total":47,"covered":0,"skipped":0,"pct":0},"branches":{"total":1,"covered":0,"skipped":0,"pct":0}}
,"/home/runner/work/0hehaebib1/0hehaebib1/src/components/Hero.tsx": {"lines":{"total":95,"covered":95,"skipped":0,"pct":100},"functions":{"total":3,"covered":3,"skipped":0,"pct":100},"statements":{"total":95,"covered":95,"skipped":0,"pct":100},"branches":{"total":3,"covered":3,"skipped":0,"pct":100}}
,"/home/runner/work/0hehaebib1/0hehaebib1/src/components/MusicPlayer.tsx": {"lines":{"total":425,"covered":109,"skipped":0,"pct":25.64},"functions":{"total":16,"covered":1,"skipped":0,"pct":6.25},"statements":{"total":425,"covered":109,"skipped":0,"pct":25.64},"branches":{"total":14,"covered":4,"skipped":0,"pct":28.57}}
,"/home/runner/work/0hehaebib1/0hehaebib1/src/components/Navigation.tsx": {"lines":{"total":16,"covered":16,"skipped":0,"pct":100},"functions":{"total":1,"covered":1,"skipped":0,"pct":100},"statements":{"total":16,"covered":16,"skipped":0,"pct":100},"branches":{"total":2,"covered":2,"skipped":0,"pct":100}}
,"/home/runner/work/0hehaebib1/0hehaebib1/src/components/ProjectCard.tsx": {"lines":{"total":107,"covered":96,"skipped":0,"pct":89.71},"functions":{"total":1,"covered":1,"skipped":0,"pct":100},"statements":{"total":107,"covered":96,"skipped":0,"pct":89.71},"branches":{"total":34,"covered":30,"skipped":0,"pct":88.23}}
,"/home/runner/work/0hehaebib1/0hehaebib1/src/components/SkillsSection.tsx": {"lines":{"total":44,"covered":44,"skipped":0,"pct":100},"functions":{"total":1,"covered":1,"skipped":0,"pct":100},"statements":{"total":44,"covered":44,"skipped":0,"pct":100},"branches":{"total":3,"covered":2,"skipped":0,"pct":66.66}}
,"/home/runner/work/0hehaebib1/0hehaebib1/src/components/TechIcons.tsx": {"lines":{"total":231,"covered":231,"skipped":0,"pct":100},"functions":{"total":10,"covered":10,"skipped":0,"pct":100},"statements":{"total":231,"covered":231,"skipped":0,"pct":100},"branches":{"total":10,"covered":10,"skipped":0,"pct":100}}
,"/home/runner/work/0hehaebib1/0hehaebib1/src/components/WorksSection.tsx": {"lines":{"total":71,"covered":71,"skipped":0,"pct":100},"functions":{"total":2,"covered":1,"skipped":0,"pct":50},"statements":{"total":71,"covered":71,"skipped":0,"pct":100},"branches":{"total":10,"covered":7,"skipped":0,"pct":70}}
,"/home/runner/work/0hehaebib1/0hehaebib1/src/data/portfolioData.ts": {"lines":{"total":250,"covered":250,"skipped":0,"pct":100},"functions":{"total":0,"covered":0,"skipped":0,"pct":100},"statements":{"total":250,"covered":250,"skipped":0,"pct":100},"branches":{"total":0,"covered":0,"skipped":0,"pct":100}}
,"/home/runner/work/0hehaebib1/0hehaebib1/src/hooks/useMorphingText.ts": {"lines":{"total":32,"covered":14,"skipped":0,"pct":43.75},"functions":{"total":1,"covered":1,"skipped":0,"pct":100},"statements":{"total":32,"covered":14,"skipped":0,"pct":43.75},"branches":{"total":3,"covered":3,"skipped":0,"pct":100}}
,"/home/runner/work/0hehaebib1/0hehaebib1/src/hooks/useRevealInView.ts": {"lines":{"total":6,"covered":6,"skipped":0,"pct":100},"functions":{"total":1,"covered":1,"skipped":0,"pct":100},"statements":{"total":6,"covered":6,"skipped":0,"pct":100},"branches":{"total":1,"covered":1,"skipped":0,"pct":100}}
,"/home/runner/work/0hehaebib1/0hehaebib1/src/hooks/useTypingText.ts": {"lines":{"total":17,"covered":11,"skipped":0,"pct":64.7},"functions":{"total":1,"covered":1,"skipped":0,"pct":100},"statements":{"total":17,"covered":11,"skipped":0,"pct":64.7},"branches":{"total":3,"covered":3,"skipped":0,"pct":100}}
}
